qtype/interpreter/steps/tool.py:5: error: Module "qtype.semantic.model" has no attribute "PythonFunctionTool"  [attr-defined]
qtype/interpreter/steps/tool.py:5: error: Module "qtype.semantic.model" has no attribute "Tool"  [attr-defined]
qtype/interpreter/steps/tool.py:5: error: Module "qtype.semantic.model" has no attribute "Variable"  [attr-defined]
qtype/interpreter/steps/tool.py:53: error: Returning Any from function declared to return "list[Any]"  [no-any-return]
qtype/interpreter/steps/tool.py:53: note: Error code "no-any-return" not covered by "type: ignore" comment
qtype/interpreter/steps/search.py:4: error: Module "qtype.semantic.model" has no attribute "Search"  [attr-defined]
qtype/interpreter/steps/search.py:4: error: Module "qtype.semantic.model" has no attribute "Variable"  [attr-defined]
qtype/interpreter/steps/prompt_template.py:6: error: Module "qtype.semantic.model" has no attribute "PromptTemplate"  [attr-defined]
qtype/interpreter/steps/prompt_template.py:6: error: Module "qtype.semantic.model" has no attribute "Variable"  [attr-defined]
qtype/interpreter/steps/prompt_template.py:54: error: Returning Any from function declared to return "list[Any]"  [no-any-return]
qtype/interpreter/steps/prompt_template.py:54: note: Error code "no-any-return" not covered by "type: ignore" comment
qtype/interpreter/auth/aws.py:13: error: Skipping analyzing "boto3": module is installed, but missing library stubs or py.typed marker  [import-untyped]
qtype/interpreter/auth/aws.py:14: error: Skipping analyzing "botocore.exceptions": module is installed, but missing library stubs or py.typed marker  [import-untyped]
qtype/interpreter/auth/aws.py:17: error: Module "qtype.semantic.model" has no attribute "AWSAuthProvider"  [attr-defined]
qtype/interpreter/auth/generic.py:13: error: Skipping analyzing "boto3": module is installed, but missing library stubs or py.typed marker  [import-untyped]
qtype/interpreter/auth/generic.py:16: error: Module "qtype.semantic.model" has no attribute "APIKeyAuthProvider"  [attr-defined]
qtype/interpreter/auth/generic.py:16: error: Module "qtype.semantic.model" has no attribute "AuthorizationProvider"  [attr-defined]
qtype/interpreter/auth/generic.py:16: error: Module "qtype.semantic.model" has no attribute "AWSAuthProvider"  [attr-defined]
qtype/interpreter/auth/generic.py:16: error: Module "qtype.semantic.model" has no attribute "OAuth2AuthProvider"  [attr-defined]
tests/test_generic_auth.py:10: error: Module "qtype.semantic.model" has no attribute "APIKeyAuthProvider"  [attr-defined]
tests/test_generic_auth.py:10: error: Module "qtype.semantic.model" has no attribute "AWSAuthProvider"  [attr-defined]
tests/test_generic_auth.py:10: error: Module "qtype.semantic.model" has no attribute "OAuth2AuthProvider"  [attr-defined]
tests/test_aws_auth.py:8: error: Skipping analyzing "botocore.exceptions": module is installed, but missing library stubs or py.typed marker  [import-untyped]
tests/test_aws_auth.py:11: error: Module "qtype.semantic.model" has no attribute "AWSAuthProvider"  [attr-defined]
qtype/interpreter/streaming_helpers.py:17: error: Module "qtype.semantic.model" has no attribute "Step"  [attr-defined]
qtype/semantic/visualize.py:15: error: Module "qtype.semantic.model" has no attribute "Agent"  [attr-defined]
qtype/semantic/visualize.py:15: error: Module "qtype.semantic.model" has no attribute "APITool"  [attr-defined]
qtype/semantic/visualize.py:15: error: Module "qtype.semantic.model" has no attribute "Application"  [attr-defined]
qtype/semantic/visualize.py:15: error: Module "qtype.semantic.model" has no attribute "AuthorizationProvider"  [attr-defined]
qtype/semantic/visualize.py:15: error: Module "qtype.semantic.model" has no attribute "Condition"  [attr-defined]
qtype/semantic/visualize.py:15: error: Module "qtype.semantic.model" has no attribute "Decoder"  [attr-defined]
qtype/semantic/visualize.py:15: error: Module "qtype.semantic.model" has no attribute "DocumentIndex"  [attr-defined]
qtype/semantic/visualize.py:15: error: Module "qtype.semantic.model" has no attribute "DocumentSearch"  [attr-defined]
qtype/semantic/visualize.py:15: error: Module "qtype.semantic.model" has no attribute "Flow"  [attr-defined]
qtype/semantic/visualize.py:15: error: Module "qtype.semantic.model" has no attribute "LLMInference"  [attr-defined]
qtype/semantic/visualize.py:15: error: Module "qtype.semantic.model" has no attribute "Memory"  [attr-defined]
qtype/semantic/visualize.py:15: error: Module "qtype.semantic.model" has no attribute "Model"  [attr-defined]
qtype/semantic/visualize.py:15: error: Module "qtype.semantic.model" has no attribute "PromptTemplate"  [attr-defined]
qtype/semantic/visualize.py:15: error: Module "qtype.semantic.model" has no attribute "PythonFunctionTool"  [attr-defined]
qtype/semantic/visualize.py:15: error: Module "qtype.semantic.model" has no attribute "Search"  [attr-defined]
qtype/semantic/visualize.py:15: error: Module "qtype.semantic.model" has no attribute "Step"  [attr-defined]
qtype/semantic/visualize.py:15: error: Module "qtype.semantic.model" has no attribute "TelemetrySink"  [attr-defined]
qtype/semantic/visualize.py:15: error: Module "qtype.semantic.model" has no attribute "Tool"  [attr-defined]
qtype/semantic/visualize.py:15: error: Module "qtype.semantic.model" has no attribute "VectorIndex"  [attr-defined]
qtype/semantic/visualize.py:15: error: Module "qtype.semantic.model" has no attribute "VectorSearch"  [attr-defined]
qtype/interpreter/steps/decoder.py:6: error: Module "qtype.semantic.model" has no attribute "Decoder"  [attr-defined]
qtype/interpreter/steps/decoder.py:6: error: Module "qtype.semantic.model" has no attribute "Variable"  [attr-defined]
qtype/interpreter/steps/decoder.py:88: error: Returning Any from function declared to return "list[Any]"  [no-any-return]
qtype/semantic/resolver.py:65: error: Module has no attribute "Variable"  [attr-defined]
qtype/semantic/resolver.py:75: error: Name "ir.Application" is not defined  [name-defined]
qtype/semantic/resolver.py:92: error: Module has no attribute "Application"  [attr-defined]
qtype/interpreter/typing.py:9: error: Module "qtype.semantic.model" has no attribute "Flow"  [attr-defined]
qtype/interpreter/typing.py:9: error: Module "qtype.semantic.model" has no attribute "Variable"  [attr-defined]
qtype/dsl/custom_types.py:35: error: Variable "inner_type" is not valid as a type  [valid-type]
qtype/dsl/custom_types.py:35: note: Error code "valid-type" not covered by "type: ignore" comment
qtype/dsl/custom_types.py:35: note: See https://mypy.readthedocs.io/en/stable/common_issues.html#variables-vs-type-aliases
qtype/loader.py:13: error: Skipping analyzing "fsspec": module is installed, but missing library stubs or py.typed marker  [import-untyped]
qtype/loader.py:16: error: Skipping analyzing "fsspec.core": module is installed, but missing library stubs or py.typed marker  [import-untyped]
qtype/loader.py:22: error: Module "qtype.semantic.model" has no attribute "Application"  [attr-defined]
tests/test_visualize.py:35: error: Skipping analyzing "mermaid": module is installed, but missing library stubs or py.typed marker  [import-untyped]
tests/test_semantic_resolver.py:16: error: Module has no attribute "Application"  [attr-defined]
qtype/commands/generate.py:151: error: Skipping analyzing "ruff": module is installed, but missing library stubs or py.typed marker  [import-untyped]
qtype/commands/generate.py:151: note: See https://mypy.readthedocs.io/en/stable/running_mypy.html#missing-imports
qtype/commands/visualize.py:46: error: Skipping analyzing "mermaid": module is installed, but missing library stubs or py.typed marker  [import-untyped]
qtype/interpreter/batch/sql_source.py:3: error: Skipping analyzing "boto3": module is installed, but missing library stubs or py.typed marker  [import-untyped]
qtype/interpreter/conversions.py:41: error: Skipping analyzing "llama_index.llms.bedrock_converse": module is installed, but missing library stubs or py.typed marker  [import-untyped]
qtype/interpreter/conversions.py:61: error: Skipping analyzing "llama_index.llms.anthropic": module is installed, but missing library stubs or py.typed marker  [import-untyped]
qtype/interpreter/conversions.py:80: error: Skipping analyzing "llama_index.embeddings.bedrock": module is installed, but missing library stubs or py.typed marker  [import-untyped]
qtype/interpreter/conversions.py:87: error: Skipping analyzing "llama_index.embeddings.openai": module is installed, but missing library stubs or py.typed marker  [import-untyped]
